<?xml version="1.0" encoding="UTF-8"?>
<!-- Generated by org.testng.reporters.JUnitReportReporter -->
<testsuite hostname="kaverishravani" failures="0" tests="1" name="TestCases.TC003_verifyUserIsAbleToAddItemToCart" time="0.906" errors="0" timestamp="2025-04-16T22:43:04 EDT" skipped="0">
  <testcase classname="TestCases.TC003_verifyUserIsAbleToAddItemToCart" name="verifyAdditionOfItemsSuccess" time="0.906"/>
</testsuite> <!-- TestCases.TC003_verifyUserIsAbleToAddItemToCart -->
