<?xml version="1.0" encoding="UTF-8"?>
<!-- Generated by org.testng.reporters.JUnitReportReporter -->
<testsuite hostname="kaverishravani" failures="0" tests="1" name="TestCases.TC002_LogoutOfAccount" time="1.111" errors="0" timestamp="2025-04-17T10:54:14 EDT" skipped="0">
  <testcase classname="TestCases.TC002_LogoutOfAccount" name="logOutOfAccount" time="1.111"/>
</testsuite> <!-- TestCases.TC002_LogoutOfAccount -->
