<?xml version="1.0" encoding="UTF-8"?>
<!-- Generated by org.testng.reporters.JUnitReportReporter -->
<testsuite hostname="kaverishravani" failures="0" tests="1" name="TestCases.TC005_RemoveItem" time="1.689" errors="0" timestamp="2025-04-16T18:28:05 EDT" skipped="0">
  <testcase classname="TestCases.TC005_RemoveItem" name="removeItem" time="1.689"/>
</testsuite> <!-- TestCases.TC005_RemoveItem -->
