<?xml version="1.0" encoding="UTF-8"?>
<!-- Generated by org.testng.reporters.JUnitReportReporter -->
<testsuite hostname="kaverishravani" failures="0" tests="1" name="TestCases.TC001_LoginToAccount" time="0.522" errors="0" timestamp="2025-04-16T20:15:11 EDT" skipped="0">
  <testcase classname="TestCases.TC001_LoginToAccount" name="loginToAccountAssertion" time="0.522"/>
</testsuite> <!-- TestCases.TC001_LoginToAccount -->
