<?xml version="1.0" encoding="UTF-8"?>
<!-- Generated by org.testng.reporters.JUnitReportReporter -->
<testsuite hostname="kaverishravani" failures="0" tests="1" name="TestCases.TC004_VerifyCompletePurchaseSuccess" time="1.870" errors="0" timestamp="2025-04-17T11:15:24 EDT" skipped="0">
  <testcase classname="TestCases.TC004_VerifyCompletePurchaseSuccess" name="purchaseCompleteSucess" time="1.870"/>
</testsuite> <!-- TestCases.TC004_VerifyCompletePurchaseSuccess -->
