<?xml version="1.0" encoding="UTF-8"?>
<!-- Generated by org.testng.reporters.JUnitReportReporter -->
<testsuite hostname="kaverishravani" failures="0" tests="1" name="TestCases.TC006_VerifyAppTitle" time="0.157" errors="0" timestamp="2025-04-16T22:43:04 EDT" skipped="0">
  <testcase classname="TestCases.TC006_VerifyAppTitle" name="checkAppTitle" time="0.157"/>
</testsuite> <!-- TestCases.TC006_VerifyAppTitle -->
