<?xml version="1.0" encoding="UTF-8"?>
<!-- Generated by org.testng.reporters.JUnitReportReporter -->
<testsuite hostname="kaverishravani" failures="0" tests="1" name="TestCases.TC005_RemoveItem" time="2.258" errors="0" timestamp="2025-04-17T11:15:24 EDT" skipped="0">
  <testcase classname="TestCases.TC005_RemoveItem" name="removeItem" time="2.258"/>
</testsuite> <!-- TestCases.TC005_RemoveItem -->
